            count     total_rmsd   avg_rmsd                                                                                                               
species                                                                                                                                                    
DouglasFir    8484  148718.215893  17.529257  #tends to have smallest protein sizes, and low qualities                                                                                                             
Human         9236  173483.844259  18.783439  #tends to have some of the largest                                                                                                               
Eucalyptus   10470  212914.326459  20.335657                                                                                                               
Arabidopsis  10313  235257.842974  22.811776                                                                                                               
                                               
           count    total_rmsd   avg_rmsd
ligand_id                                
84989       1751  33143.315141  18.928221
30999       1751  33561.456983  19.167023
108426      1751  33626.714139  19.204291
13876103    1751  33722.722196  19.259122
3698        1751  33799.445865  19.302939
21105998    1751  34047.168169  19.444414
395716      1751  34082.673370  19.464691
388386      1750  34081.108399  19.474919
10194105    1750  34104.096473  19.488055
917         1750  34169.349858  19.525343
2424        1750  34404.030486  19.659446
4450907     1751  34693.984211  19.813812
7930        1745  34958.831340  20.033714
780         1751  35387.648608  20.209965
393012      1748  35406.598498  20.255491
4444606     1751  35549.276920  20.302271
6309        1751  35554.561736  20.305289
4518347     1748  35725.602917  20.437988
6085        1751  36063.069899  20.595700
4444418     1750  37028.993821  21.159425
6223        1749  37050.185543  21.183640
23208       1751  40213.395013  22.965959

  category  total_count     total_rmsd  global_avg_rmsd
0  ligands        38503  770374.229585        20.008161
1  species        38503  770374.229585        20.008161


